<?xml version="1.0" encoding="UTF-8"?>
<!-- Generated by org.testng.reporters.JUnitReportReporter -->
<testsuite hostname="DESKTOP-62M5C5E" name="orangehrm.tests.OrangeHrmTest" tests="2" failures="0" timestamp="1 Nov 2020 09:08:46 GMT" time="13.591" errors="0">
  <testcase name="test001" time="10.648" classname="orangehrm.tests.OrangeHrmTest"/>
  <testcase name="test002" time="2.943" classname="orangehrm.tests.OrangeHrmTest"/>
</testsuite> <!-- orangehrm.tests.OrangeHrmTest -->
